[2022-03-18T10:49:26.569] [DEBUG] cheese - login => username:root,password:123456
[2022-03-18T10:49:26.573] [DEBUG] cheese - root
[2022-03-18T10:49:26.610] [DEBUG] cheese - null
[2022-03-18T10:49:26.611] [DEBUG] cheese - null
[2022-03-18T10:49:41.174] [DEBUG] cheese - login => username:admin,password:123456
[2022-03-18T10:49:41.174] [DEBUG] cheese - admin
[2022-03-18T10:49:41.180] [DEBUG] cheese - null
[2022-03-18T10:49:41.180] [DEBUG] cheese - null
[2022-03-18T11:04:05.536] [DEBUG] cheese - login => username:admin,password:123456
[2022-03-18T11:04:05.537] [DEBUG] cheese - admin
[2022-03-18T11:04:05.568] [DEBUG] cheese - null
[2022-03-18T11:04:05.568] [DEBUG] cheese - null
[2022-03-18T16:06:18.387] [DEBUG] cheese - login => username:admin,password:123456
[2022-03-18T16:06:18.815] [DEBUG] cheese - admin
[2022-03-18T16:06:19.760] [DEBUG] cheese - null
[2022-03-18T16:06:19.842] [DEBUG] cheese - null
[2022-03-18T16:06:47.603] [DEBUG] cheese - login => username:admin,password:123456
[2022-03-18T16:06:47.603] [DEBUG] cheese - admin
[2022-03-18T16:06:47.605] [DEBUG] cheese - null
[2022-03-18T16:06:47.605] [DEBUG] cheese - null
[2022-03-22T12:32:11.611] [DEBUG] cheese - login => username:admin,password:123456
[2022-03-22T12:32:11.637] [DEBUG] cheese - admin
[2022-03-22T12:32:11.895] [DEBUG] cheese - null
[2022-03-22T12:32:11.896] [DEBUG] cheese - null
[2022-03-22T12:51:50.357] [DEBUG] cheese - login => username:admin,password:123456
[2022-03-22T12:51:50.358] [DEBUG] cheese - admin
[2022-03-22T12:51:50.365] [DEBUG] cheese - null
[2022-03-22T12:51:50.365] [DEBUG] cheese - null
[2022-03-22T14:05:00.367] [DEBUG] cheese - login => username:admin,password:123456
[2022-03-22T14:05:00.368] [DEBUG] cheese - admin
[2022-03-22T14:05:00.380] [DEBUG] cheese - null
[2022-03-22T14:05:00.380] [DEBUG] cheese - null
[2022-03-22T14:16:14.097] [DEBUG] cheese - login => username:admin,password:123456
[2022-03-22T14:16:14.097] [DEBUG] cheese - admin
[2022-03-22T14:16:14.100] [DEBUG] cheese - null
[2022-03-22T14:16:14.100] [DEBUG] cheese - null
[2022-03-22T14:18:27.056] [DEBUG] cheese - login => username:admin,password:123456
[2022-03-22T14:18:27.056] [DEBUG] cheese - admin
[2022-03-22T14:18:27.060] [DEBUG] cheese - null
[2022-03-22T14:18:27.060] [DEBUG] cheese - null
[2022-03-22T14:26:31.272] [DEBUG] cheese - login => username:admin,password:123456
[2022-03-22T14:26:31.272] [DEBUG] cheese - admin
[2022-03-22T14:26:31.274] [DEBUG] cheese - null
[2022-03-22T14:26:31.275] [DEBUG] cheese - null
[2022-03-22T14:27:45.028] [DEBUG] cheese - login => username:admin,password:123456
[2022-03-22T14:27:45.028] [DEBUG] cheese - admin
[2022-03-22T14:27:45.031] [DEBUG] cheese - null
[2022-03-22T14:27:45.031] [DEBUG] cheese - null
[2022-03-22T19:50:47.508] [DEBUG] cheese - login => username:admin,password:123456
[2022-03-22T19:50:47.595] [DEBUG] cheese - admin
[2022-03-22T19:50:47.622] [DEBUG] cheese - null
[2022-03-22T19:50:47.623] [DEBUG] cheese - null
[2022-03-22T19:53:12.727] [DEBUG] cheese - login => username:admin,password:123456
[2022-03-22T19:53:12.727] [DEBUG] cheese - admin
[2022-03-22T19:53:12.730] [DEBUG] cheese - null
[2022-03-22T19:53:12.730] [DEBUG] cheese - null
[2022-03-22T19:54:40.216] [DEBUG] cheese - login => username:admin,password:123456
[2022-03-22T19:54:40.216] [DEBUG] cheese - admin
[2022-03-22T19:54:40.219] [DEBUG] cheese - null
[2022-03-22T19:54:40.219] [DEBUG] cheese - null
[2022-03-23T00:22:30.015] [DEBUG] cheese - login => username:admin,password:123456
[2022-03-23T00:22:30.074] [DEBUG] cheese - admin
[2022-03-23T00:22:30.216] [DEBUG] cheese - null
[2022-03-23T00:22:30.217] [DEBUG] cheese - null
[2022-03-23T00:22:51.959] [DEBUG] cheese - login => username:admin,password:123456
[2022-03-23T00:22:51.959] [DEBUG] cheese - admin
[2022-03-23T00:22:51.963] [DEBUG] cheese - null
[2022-03-23T00:22:51.963] [DEBUG] cheese - null
[2022-03-23T00:30:16.734] [DEBUG] cheese - login => username:admin,password:123456
[2022-03-23T00:30:16.734] [DEBUG] cheese - admin
[2022-03-23T00:30:16.737] [DEBUG] cheese - null
[2022-03-23T00:30:16.737] [DEBUG] cheese - null
[2022-03-23T10:08:42.079] [DEBUG] cheese - login => username:admin,password:123456
[2022-03-23T10:08:42.306] [DEBUG] cheese - admin
[2022-03-23T10:08:42.549] [DEBUG] cheese - null
[2022-03-23T10:08:42.551] [DEBUG] cheese - null
[2022-03-23T11:03:17.075] [DEBUG] cheese - login => username:admin,password:123456
[2022-03-23T11:03:17.076] [DEBUG] cheese - admin
[2022-03-23T11:03:17.085] [DEBUG] cheese - null
[2022-03-23T11:03:17.085] [DEBUG] cheese - null
[2022-03-23T11:14:21.047] [DEBUG] cheese - login => username:admin,password:123456
[2022-03-23T11:14:21.075] [DEBUG] cheese - admin
[2022-03-23T11:14:21.099] [DEBUG] cheese - null
[2022-03-23T11:14:21.100] [DEBUG] cheese - null
[2022-03-23T12:19:12.315] [DEBUG] cheese - login => username:admin,password:123456
[2022-03-23T12:19:12.324] [DEBUG] cheese - admin
[2022-03-23T12:19:12.415] [DEBUG] cheese - null
[2022-03-23T12:19:12.415] [DEBUG] cheese - null
[2022-03-23T12:25:36.222] [DEBUG] cheese - login => username:admin,password:123456
[2022-03-23T12:25:36.223] [DEBUG] cheese - admin
[2022-03-23T12:25:36.233] [DEBUG] cheese - null
[2022-03-23T12:25:36.233] [DEBUG] cheese - null
[2022-03-23T15:21:27.481] [DEBUG] cheese - login => username:admin,password:123456
[2022-03-23T15:21:27.481] [DEBUG] cheese - admin
[2022-03-23T15:21:27.579] [DEBUG] cheese - null
[2022-03-23T15:21:27.579] [DEBUG] cheese - null
[2022-03-23T15:41:57.261] [DEBUG] cheese - login => username:admin,password:123456
[2022-03-23T15:41:57.262] [DEBUG] cheese - admin
[2022-03-23T15:41:57.269] [DEBUG] cheese - null
[2022-03-23T15:41:57.270] [DEBUG] cheese - null
[2022-03-23T21:21:50.280] [DEBUG] cheese - login => username:admin,password:123456
[2022-03-23T21:21:50.425] [DEBUG] cheese - admin
[2022-03-23T21:21:50.618] [DEBUG] cheese - null
[2022-03-23T21:21:50.627] [DEBUG] cheese - null
[2022-03-24T10:57:33.229] [DEBUG] cheese - login => username:admin,password:123456
[2022-03-24T10:57:33.231] [DEBUG] cheese - admin
[2022-03-24T10:57:33.479] [DEBUG] cheese - null
[2022-03-24T10:57:33.480] [DEBUG] cheese - null
[2022-03-24T11:01:49.378] [DEBUG] cheese - login => username:admin,password:123456
[2022-03-24T11:01:49.379] [DEBUG] cheese - admin
[2022-03-24T11:01:49.385] [DEBUG] cheese - null
[2022-03-24T11:01:49.385] [DEBUG] cheese - null
[2022-03-24T12:22:26.422] [DEBUG] cheese - login => username:admin,password:123456
[2022-03-24T12:22:26.424] [DEBUG] cheese - admin
[2022-03-24T12:22:26.432] [DEBUG] cheese - null
[2022-03-24T12:22:26.432] [DEBUG] cheese - null
[2022-03-24T12:31:13.736] [DEBUG] cheese - login => username:admin,password:123456
[2022-03-24T12:31:13.737] [DEBUG] cheese - admin
[2022-03-24T12:31:13.746] [DEBUG] cheese - null
[2022-03-24T12:31:13.747] [DEBUG] cheese - null
[2022-03-24T16:25:33.195] [DEBUG] cheese - login => username:admin,password:123456
[2022-03-24T16:25:33.201] [DEBUG] cheese - admin
[2022-03-24T16:25:33.269] [DEBUG] cheese - null
[2022-03-24T16:25:33.271] [DEBUG] cheese - null
[2022-03-24T16:56:31.942] [DEBUG] cheese - login => username:admin,password:123456
[2022-03-24T16:56:31.955] [DEBUG] cheese - admin
[2022-03-24T16:56:32.256] [DEBUG] cheese - null
[2022-03-24T16:56:32.292] [DEBUG] cheese - null
[2022-03-24T17:15:22.950] [DEBUG] cheese - null
[2022-03-24T17:15:23.859] [DEBUG] cheese - null
[2022-03-24T19:03:51.083] [DEBUG] cheese - login => username:admin,password:123456
[2022-03-24T19:03:51.094] [DEBUG] cheese - admin
[2022-03-24T19:03:51.319] [DEBUG] cheese - null
[2022-03-24T19:03:51.321] [DEBUG] cheese - null
[2022-03-24T20:42:19.754] [DEBUG] cheese - login => username:admin,password:123456
[2022-03-24T20:42:19.794] [DEBUG] cheese - admin
[2022-03-24T20:42:19.847] [DEBUG] cheese - null
[2022-03-24T20:42:19.847] [DEBUG] cheese - null
[2022-03-25T10:08:50.918] [DEBUG] cheese - login => username:admin,password:123456
[2022-03-25T10:08:50.919] [DEBUG] cheese - admin
[2022-03-25T10:08:51.012] [DEBUG] cheese - null
[2022-03-25T10:08:51.013] [DEBUG] cheese - null
[2022-03-25T13:40:27.879] [DEBUG] cheese - login => username:admin,password:123456
[2022-03-25T13:40:27.883] [DEBUG] cheese - admin
[2022-03-25T13:40:28.061] [DEBUG] cheese - null
[2022-03-25T13:40:28.063] [DEBUG] cheese - null
